
//=====================================================
06/09/2015 01:02:13
Exception code: C0000005 ACCESS_VIOLATION
Fault address:  4C0B3A4A 01:000B2A4A D:\Program Files\Siemens\Step7\S7BIN\OT01600603AS.dll

Registers:
EAX:000006D6
EBX:00000000
ECX:037D74B8
EDX:00000002
ESI:020E66D8
EDI:00000000
CS:EIP:001B:4C0B3A4A
SS:ESP:0023:0022F9DC  EBP:0022FB74
DS:0023  ES:0023  FS:003B  GS:0000
Flags:00010246

Call stack:
Address   Frame     Logical addr  Module
4C0B3A4A  0022FB74  0001:000B2A4A D:\Program Files\Siemens\Step7\S7BIN\OT01600603AS.dll
73D91F5F  0022FBF8  0001:00000F5F C:\WINDOWS\system32\MFC42.DLL
73D91B07  0022FC18  0001:00000B07 C:\WINDOWS\system32\MFC42.DLL
73D928F1  0022FC38  0001:000018F1 C:\WINDOWS\system32\MFC42.DLL
73D91A78  0022FC98  0001:00000A78 C:\WINDOWS\system32\MFC42.DLL
73D919D0  0022FCB8  0001:000009D0 C:\WINDOWS\system32\MFC42.DLL
73E1E47C  0022FCE4  0001:0008D47C C:\WINDOWS\system32\MFC42.DLL
7E368734  0022FD10  0001:00007734 C:\WINDOWS\system32\USER32.dll
7E368816  0022FD78  0001:00007816 C:\WINDOWS\system32\USER32.dll
7E3689CD  0022FDD8  0001:000079CD C:\WINDOWS\system32\USER32.dll
7E368A10  0022FDE8  0001:00007A10 C:\WINDOWS\system32\USER32.dll
7E3774FF  0022FE0C  0001:000164FF C:\WINDOWS\system32\USER32.dll
7E38C6D3  0022FE2C  0001:0002B6D3 C:\WINDOWS\system32\USER32.dll
73DA5202  0022FE9C  0001:00014202 C:\WINDOWS\system32\MFC42.DLL
005132A5  0064AA24  0001:001122A5 D:\Program Files\Siemens\Step7\S7SKA\S7KAFAPX.EXE

