
//=====================================================
05/09/2012 22:06:14
Exception code: C0000005 ACCESS_VIOLATION
Fault address:  05702EE6 01:00001EE6 D:\Program Files\Siemens\Step7\S7bin\wcf_prox.dll

Registers:
EAX:05769A18
EBX:00000001
ECX:09220030
EDX:06E32100
ESI:0012FA14
EDI:00000000
CS:EIP:001B:05702EE6
SS:ESP:0023:0012FA10  EBP:0012FA1C
DS:0023  ES:0023  FS:003B  GS:0000
Flags:00010206

Call stack:
Address   Frame     Logical addr  Module
05702EE6  0012FA1C  0001:00001EE6 D:\Program Files\Siemens\Step7\S7bin\wcf_prox.dll
05702CA6  0012FA28  0001:00001CA6 D:\Program Files\Siemens\Step7\S7bin\wcf_prox.dll
05753A1D  0012FA30  0001:00052A1D D:\Program Files\Siemens\Step7\S7bin\wcf_prox.dll
0574BB39  0012FA70  0001:0004AB39 D:\Program Files\Siemens\Step7\S7bin\wcf_prox.dll
7C90118A  0012FA90  0001:0000018A C:\WINDOWS\system32\ntdll.dll
7C9224CA  0012FB14  0001:000214CA C:\WINDOWS\system32\ntdll.dll
7C81CAAE  0012FC08  0001:0001BAAE C:\WINDOWS\system32\kernel32.dll
7C81CB26  0012FC1C  0001:0001BB26 C:\WINDOWS\system32\kernel32.dll
79FDAB76  0012FE44  0001:00169B76 C:\WINDOWS\Microsoft.NET\Framework\v2.0.50727\mscorwks.dll
79F212E0  0012FEE0  0001:000B02E0 C:\WINDOWS\Microsoft.NET\Framework\v2.0.50727\mscorwks.dll
790237D5  0012FEF0  0001:000227D5 C:\WINDOWS\system32\mscoree.dll
79018639  0012FF00  0001:00017639 C:\WINDOWS\system32\mscoree.dll
77C29D3C  0012FF0C  0001:00028D3C C:\WINDOWS\system32\msvcrt.dll
77C29E78  0012FF1C  0001:00028E78 C:\WINDOWS\system32\msvcrt.dll
77C29E90  0012FF30  0001:00028E90 C:\WINDOWS\system32\msvcrt.dll
0059F996  0012FFC0  0001:0019E996 D:\Program Files\Siemens\Step7\S7BIN\S7NNAPPX.EXE
7C817077  0012FFF0  0001:00016077 C:\WINDOWS\system32\kernel32.dll

