@CONVERTER ERRLIST1 V0.1                				# aktuelle Listenkennung
@LANGUAGE  ENGLISH                     					# Sprache
#--------------------------------------------------------------------------------
	SYSERRORTEXT:	"System error"                      # Standardtextelemente
	ERRORTEXT:		"Error"                             # Standardtextelemente
	WARNINGTEXT:	"Warning"                           # Standardtextelemente
	RLINENRTEXT:	"Rule file line"  
	ALINENRTEXT:	"ASCII file line" 
	ELINENRTEXT:	"Error file line"  
	LPOSITIONTEXT:	"Line pos."
	OWNERTEXT:		"Owner"   
	TOOLTEXT:		"Tool"    
	TPOSITIONTEXT:	"DB pos."
#--------------------------------------------------------------------------------
														# err # ascii  # rul
#--------------------------------------------------------------------------------
00001  "Wrong character"                            	#  x	  x      x
00002  "Syntax error" 				                	#  x      x      x
00003  "Error number too long (file *.err)"         	#  x
00004  "Syntax error (group)"  							#		  x      x
#--------------------------------------------------------------------------------
00005  "Setting parameter value, wrong name/no access"  #                x
00006  "Setting parameter value, wrong or no value"    	#                x
00007  "Setting parameter value, unknown cause" 		#                x
00008  "ASCII file header missing or defective"  		#		  x
00009  "Rule file does not exist"  						#		  x
00010  "Group not completed correctly"						#		  x
00011  "Rule file cannot be processed (converter version)"#         x

00012  "Creating parameter, wrong name/no access"  	#                x
00013  "Creating parameter, wrong value" 			    #                x
00014  "Creating parameter, unknown cause" 		    #                x
00015  "Creating parameter, name exists twice"			    #                x
00016  "Error in rule file"							#		  x

00017  "Problems loading error message language file"	#		  x

00018  "Group -> wrong name/no access"       			#                x
00019  "Group -> cannot create, cause unknown"          #                x
00020  "Name, string, comment longer than 255"          #  x      x      x

00021  "Setting parameter value, memory shortage"		#                x
00022  "Creating group, memory shortage"
00023  "Creating group, cause of error unknown" 
00024  "Creating group, name exists twice"

00050  "Cannot open rule file"                  		#
00051  "Cannot load rule file"                			#
00052  "Error in ASCII file"   							#
00053  "Error in binary file"  							#
00054  "Cannot open ASCII/binary file"               	#
00055  "Cannot open error language file"               	#
00056  "Cannot open trace/error file"                	#
#--------------------------------------------------------------------------------
00100  "Binary file type error (DOS, TIS)"				#				 x
00101  "Group start ignored"							#				 x
00102  "Error completing group, elements missing"	#				 x
00103  "Default value not possible"						#				 x
00104  "Default value necessary"						#				 x
00105  "Name extension wrong"							#				 x
00106  "Error in start of selectable variable value"			#				 x
00107  "Attributes wrong, not selectable variable value"	#				 x
00108  "Default value too short"						#				 x
00109  "Default value too long"							#				 x

00110  "Default of selectable variable value wrong"		#		         x
00111  "Error completing selectable variable value"			#				 x
00112  "Duplication in selectable variable value"			#				 x
00113  "Part of selectable variable value wrong"			#				 x
00114  "Part of selectable variable value ignored"			#				 x
00115  "Attributes wrong, not selectable variable value 2"	#				 x

00116  "Parameter type not possible"						#				 x
00117  "Parameter occurs too often"       				#				 x
00118  "Minimum value wrong, group"        				#				 x
00119  "Maximum value wrong, group"    					#				 x
00120  "Group occurs too often"         				#				 x
00121  "Parameter type/occurrences not possible"		#				 x
00122  "Value of selectable variable too high"				#				 x
00123  "Bit -> hex not possible (modulo 8)" 			#				 x
00124  "Attribute type not permitted"						#				 x
00125  "Value too high"									#				 x
00126  "Group name in header different from start"		#				 x
00127  "Parameter type for group/parameter wrong"	#                x

00130  "Minimum value > maximum value"						#				 x
00131  "Default > maximum value or < minimum value"  	#				 x
00132  "Default not correct (not increment)"       		#				 x
00133  "Maximum value not correct (not increment)" 		#				 x
00134  "Min. value = max. value  -> increment = 0"      #				 x
00135  "Min. length > max. length"  					#				 x
00136  "Max. length > fixed length" 					#				 x
00137  "Length error (byte limit)"						#				 x
00138  "Group or parameter not found"        			#		  		 x
00139  "Several defaults in selection"                  #                x
00140  "Length not in specified range"                  #
00141  "Number not in specified range"                  #
00142  "Numbering not in specified range"               #
00143  "Mixed strings not allowed"      				#         x      x
00144  "Extended format not possible"                   #         x      x
00145  "Group with error 146" 
00146  "Min. number not within limits"  
00147  "Group with error 148"
00148  "Max. number not within limits"  
00149  "No element or selection exists"      
00150  "More than one element of a selection exists" 
00151  "Not numeric type for ranges"       
00152  "Range definition ignored"   
00153  "Range definition incorrect"  
00154  "Range termination error, e.g. default value"
00155  "Length/occurrences do not match"        
#---------------------------------------------------------------------------------
00200  "Memory shortage"

#--------------------------------------------------------------------------------
01000  "Implementation error"  							#         x
#--------------------------------------------------------------------------------
#--------------------------------- ENDE -----------------------------------------
