S7tgtopx.exe:	257:13:	Syntax error in metafile: ObjType for _P7SDH_CAPABLE_PROTOOL_AT unknown.
S7tgtopx.exe:	257:13:	Syntax error in metafile: ObjType for _S7A_SRC_ZG_CT unknown.
S7tgtopx.exe:	257:13:	Syntax error in metafile: ObjType for _S7H_6ES7_132_4BD01_0AA0_CT unknown.
S7tgtopx.exe:	257:13:	Syntax error in metafile: ObjType for _S7A_SRC_GR7_CT unknown.
S7tgtopx.exe:	257:13:	Syntax error in metafile: ObjType for _S7H_HSP_6ES7_154_2AA01_CT unknown.
S7tgtopx.exe:	257:13:	Syntax error in metafile: ObjType for _S7A_MAK_SCL_CT unknown.
S7tgtopx.exe:	257:13:	Syntax error in metafile: ObjType for _S7H_6ES7_132_4BB31_0AA0_CT unknown.
S7tgtopx.exe:	257:13:	Syntax error in metafile: ObjType for _S7J_ESPLAN_CT unknown.
S7tgtopx.exe:	257:13:	Syntax error in metafile: ObjType for _S7H_6ES7_132_4BB01_0AA0_CT unknown.
S7tgtopx.exe:	257:13:	Syntax error in metafile: ObjType for _S7H_CLASS_FM_NCU_400_CT unknown.
S7tgtopx.exe:	257:13:	Syntax error in metafile: ObjType for _S7H_HSP_154_4AB10_CU_V60_DEVICE_CT unknown.
S7tgtopx.exe:	257:13:	Syntax error in metafile: ObjType for _S7H_6ES7_132_4BB31_0AB0_CT unknown.
S7tgtopx.exe:	257:13:	Syntax error in metafile: ObjType for _S7A_SRC_GG_CT unknown.
S7tgtopx.exe:	257:13:	Syntax error in metafile: ObjType for _P7H_KATALOGFOLDER_FM300_SIWAREX_AT unknown.
S7tgtopx.exe:	257:13:	Syntax error in metafile: ObjType for _FM352_KATALOG_ROOT_AT unknown.
S7tgtopx.exe:	257:13:	Syntax error in metafile: ObjType for _S7H_HSP_6ES7_154_1AA01_CT unknown.
S7tgtopx.exe:	257:13:	Syntax error in metafile: ObjType for _P7VR_CAPABLE_RESOFF_AT unknown.
S7tgtopx.exe:	257:13:	Syntax error in metafile: ObjType for _S7A_SRC_SCL_CT unknown.
S7tgtopx.exe:	257:13:	Syntax error in metafile: ObjType for _S7L_PDP_PRINTOBJ_CT unknown.
S7tgtopx.exe:	257:13:	Syntax error in metafile: ObjType for _S7H_6ES7_132_4BB01_0AB0_CT unknown.
S7tgtopx.exe:	257:13:	Syntax error in metafile: ObjType for _S7H_6ES7_440-1CS00-0YE0_CT unknown.
S7tgtopx.exe:	257:13:	Syntax error in metafile: ObjType for _P7VR_RESOURCE_AT unknown.
S7tgtopx.exe:	257:13:	Syntax error in metafile: ObjType for _S7H_6ES7_132_4BD31_0AA0_CT unknown.
S7tgtopx.exe:	257:13:	Syntax error in metafile: ObjType for _S7J_ECPLAN_CONT_CT unknown.
S7tgtopx.exe:	257:13:	Syntax error in metafile: ObjType for _S7J_ECPLAN_CT unknown.
S7tgtopx.exe:	257:13:	Syntax error in metafile: ObjType for _P7VR_RESOFF_CT unknown.
S7tgtopx.exe:	257:13:	Syntax error in metafile: ObjType for _SIPROM_OBJ_OFFLINE_CT unknown.
